\BOOKMARK [1][-]{section.1}{The Discriminant}{}% 1
\BOOKMARK [2][-]{subsection.1.1}{Quadratic}{section.1}% 2
\BOOKMARK [2][-]{subsection.1.2}{Cubic}{section.1}% 3
\BOOKMARK [2][-]{subsection.1.3}{Graphing the cubic}{section.1}% 4
\BOOKMARK [2][-]{subsection.1.4}{The Discriminant of the Cubic}{section.1}% 5
\BOOKMARK [2][-]{subsection.1.5}{The Roots \046 the Discriminant}{section.1}% 6
\BOOKMARK [2][-]{subsection.1.6}{Symmetries \046 the Discriminant}{section.1}% 7
\BOOKMARK [1][-]{section.2}{Solving the cubic}{}% 8
\BOOKMARK [2][-]{subsection.2.1}{The Solution}{section.2}% 9
\BOOKMARK [2][-]{subsection.2.2}{Symmetries \046 the Cubic }{section.2}% 10
\BOOKMARK [1][-]{section.3}{Solving the Quartic}{}% 11
\BOOKMARK [1][-]{section.4}{Symmetry groups}{}% 12
\BOOKMARK [2][-]{subsection.4.1}{Multiplying permutations}{section.4}% 13
\BOOKMARK [2][-]{subsection.4.2}{Subgroups}{section.4}% 14
\BOOKMARK [2][-]{subsection.4.3}{Group Actions}{section.4}% 15
\BOOKMARK [1][-]{section.5}{Symmetries \046 Polynomials}{}% 16
\BOOKMARK [2][-]{subsection.5.1}{Cycle decomposition and Normality}{section.5}% 17
\BOOKMARK [2][-]{subsection.5.2}{Normal subgroups of \040Sn}{section.5}% 18
\BOOKMARK [2][-]{subsection.5.3}{Normal subgroups of \040S4}{section.5}% 19
\BOOKMARK [2][-]{subsection.5.4}{The Cubic and the Quartic}{section.5}% 20
